{"level":"error","message":"symbolRegistry.getRecentlySeenSymbols error: Cannot call `ohlcs.aggregate()` before initial connection is complete if `bufferCommands = false`. Make sure you `await mongoose.connect()` if you have `bufferCommands = false`.","service":"radar-backend","timestamp":"2026-04-28 00:15:35"}
{"level":"error","message":"symbolRegistry.getRecentlySeenSymbols error: Cannot call `ohlcs.aggregate()` before initial connection is complete if `bufferCommands = false`. Make sure you `await mongoose.connect()` if you have `bufferCommands = false`.","service":"radar-backend","timestamp":"2026-04-28 00:26:36"}
{"level":"error","message":"symbolRegistry.getRecentlySeenSymbols error: Cannot call `ohlcs.aggregate()` before initial connection is complete if `bufferCommands = false`. Make sure you `await mongoose.connect()` if you have `bufferCommands = false`.","service":"radar-backend","timestamp":"2026-04-28 01:05:06"}
{"level":"error","message":"symbolRegistry.getRecentlySeenSymbols error: Cannot call `ohlcs.aggregate()` before initial connection is complete if `bufferCommands = false`. Make sure you `await mongoose.connect()` if you have `bufferCommands = false`.","service":"radar-backend","timestamp":"2026-04-28 01:10:04"}
{"level":"error","message":"symbolRegistry.getRecentlySeenSymbols error: Cannot call `ohlcs.aggregate()` before initial connection is complete if `bufferCommands = false`. Make sure you `await mongoose.connect()` if you have `bufferCommands = false`.","service":"radar-backend","timestamp":"2026-04-28 01:15:57"}
{"level":"error","message":"symbolRegistry.getRecentlySeenSymbols error: Cannot call `ohlcs.aggregate()` before initial connection is complete if `bufferCommands = false`. Make sure you `await mongoose.connect()` if you have `bufferCommands = false`.","service":"radar-backend","timestamp":"2026-04-28 01:23:06"}
{"level":"error","message":"symbolRegistry.getRecentlySeenSymbols error: Cannot call `ohlcs.aggregate()` before initial connection is complete if `bufferCommands = false`. Make sure you `await mongoose.connect()` if you have `bufferCommands = false`.","service":"radar-backend","timestamp":"2026-04-28 01:23:40"}
{"level":"error","message":"symbolRegistry.getRecentlySeenSymbols error: Cannot call `ohlcs.aggregate()` before initial connection is complete if `bufferCommands = false`. Make sure you `await mongoose.connect()` if you have `bufferCommands = false`.","service":"radar-backend","timestamp":"2026-04-28 01:24:25"}
{"level":"error","message":"symbolRegistry.getRecentlySeenSymbols error: Cannot call `ohlcs.aggregate()` before initial connection is complete if `bufferCommands = false`. Make sure you `await mongoose.connect()` if you have `bufferCommands = false`.","service":"radar-backend","timestamp":"2026-04-28 01:33:19"}
{"level":"error","message":"symbolRegistry.getRecentlySeenSymbols error: Cannot call `ohlcs.aggregate()` before initial connection is complete if `bufferCommands = false`. Make sure you `await mongoose.connect()` if you have `bufferCommands = false`.","service":"radar-backend","timestamp":"2026-04-28 01:36:35"}
{"level":"error","message":"symbolRegistry.getRecentlySeenSymbols error: Cannot call `ohlcs.aggregate()` before initial connection is complete if `bufferCommands = false`. Make sure you `await mongoose.connect()` if you have `bufferCommands = false`.","service":"radar-backend","timestamp":"2026-04-28 01:38:00"}
{"level":"error","message":"symbolRegistry.getRecentlySeenSymbols error: Cannot call `ohlcs.aggregate()` before initial connection is complete if `bufferCommands = false`. Make sure you `await mongoose.connect()` if you have `bufferCommands = false`.","service":"radar-backend","timestamp":"2026-04-28 01:38:45"}
{"level":"error","message":"symbolRegistry.getRecentlySeenSymbols error: Cannot call `ohlcs.aggregate()` before initial connection is complete if `bufferCommands = false`. Make sure you `await mongoose.connect()` if you have `bufferCommands = false`.","service":"radar-backend","timestamp":"2026-04-28 01:40:25"}
{"level":"error","message":"symbolRegistry.getRecentlySeenSymbols error: Cannot call `ohlcs.aggregate()` before initial connection is complete if `bufferCommands = false`. Make sure you `await mongoose.connect()` if you have `bufferCommands = false`.","service":"radar-backend","timestamp":"2026-04-28 02:17:15"}
{"level":"error","message":"symbolRegistry.getRecentlySeenSymbols error: Cannot call `ohlcs.aggregate()` before initial connection is complete if `bufferCommands = false`. Make sure you `await mongoose.connect()` if you have `bufferCommands = false`.","service":"radar-backend","timestamp":"2026-04-28 02:34:26"}
{"level":"error","message":"symbolRegistry.getRecentlySeenSymbols error: Cannot call `ohlcs.aggregate()` before initial connection is complete if `bufferCommands = false`. Make sure you `await mongoose.connect()` if you have `bufferCommands = false`.","service":"radar-backend","timestamp":"2026-04-28 02:34:51"}
{"level":"error","message":"symbolRegistry.getRecentlySeenSymbols error: Cannot call `ohlcs.aggregate()` before initial connection is complete if `bufferCommands = false`. Make sure you `await mongoose.connect()` if you have `bufferCommands = false`.","service":"radar-backend","timestamp":"2026-04-28 02:39:56"}
{"level":"error","message":"symbolRegistry.getRecentlySeenSymbols error: Cannot call `ohlcs.aggregate()` before initial connection is complete if `bufferCommands = false`. Make sure you `await mongoose.connect()` if you have `bufferCommands = false`.","service":"radar-backend","timestamp":"2026-04-28 02:40:23"}
{"level":"error","message":"symbolRegistry.getRecentlySeenSymbols error: Cannot call `ohlcs.aggregate()` before initial connection is complete if `bufferCommands = false`. Make sure you `await mongoose.connect()` if you have `bufferCommands = false`.","service":"radar-backend","timestamp":"2026-04-28 02:41:08"}
{"level":"error","message":"Error fetching Yahoo Finance data for FINOLEXIND.NS: Cannot read properties of undefined (reading 'map')","service":"radar-backend","timestamp":"2026-04-28 02:41:33"}
{"level":"error","message":"Error fetching Yahoo Finance data for IPCA.NS: Cannot read properties of undefined (reading 'map')","service":"radar-backend","timestamp":"2026-04-28 02:41:34"}
{"level":"error","message":"symbolRegistry.getRecentlySeenSymbols error: Cannot call `ohlcs.aggregate()` before initial connection is complete if `bufferCommands = false`. Make sure you `await mongoose.connect()` if you have `bufferCommands = false`.","service":"radar-backend","timestamp":"2026-04-28 02:46:41"}
{"level":"error","message":"symbolRegistry.getRecentlySeenSymbols error: Cannot call `ohlcs.aggregate()` before initial connection is complete if `bufferCommands = false`. Make sure you `await mongoose.connect()` if you have `bufferCommands = false`.","service":"radar-backend","timestamp":"2026-04-28 02:47:30"}
{"level":"error","message":"symbolRegistry.getRecentlySeenSymbols error: Cannot call `ohlcs.aggregate()` before initial connection is complete if `bufferCommands = false`. Make sure you `await mongoose.connect()` if you have `bufferCommands = false`.","service":"radar-backend","timestamp":"2026-04-28 02:47:45"}
{"level":"error","message":"symbolRegistry.getRecentlySeenSymbols error: Cannot call `ohlcs.aggregate()` before initial connection is complete if `bufferCommands = false`. Make sure you `await mongoose.connect()` if you have `bufferCommands = false`.","service":"radar-backend","timestamp":"2026-04-28 03:02:10"}
{"level":"error","message":"symbolRegistry.getRecentlySeenSymbols error: Cannot call `ohlcs.aggregate()` before initial connection is complete if `bufferCommands = false`. Make sure you `await mongoose.connect()` if you have `bufferCommands = false`.","service":"radar-backend","timestamp":"2026-04-28 03:02:34"}
{"level":"error","message":"symbolRegistry.getRecentlySeenSymbols error: Cannot call `ohlcs.aggregate()` before initial connection is complete if `bufferCommands = false`. Make sure you `await mongoose.connect()` if you have `bufferCommands = false`.","service":"radar-backend","timestamp":"2026-04-28 03:02:42"}
{"0":"t","1":"i","10":" ","11":"5","12":"0","13":"0","14":"0","15":"m","16":"s","17":" ","18":"e","19":"x","2":"m","20":"c","21":"e","22":"e","23":"d","24":"e","25":"d","3":"e","4":"o","5":"u","6":"t","7":" ","8":"o","9":"f","level":"error","message":"Twelve Data API error for AJANTPHARM.NS:","service":"radar-backend","timestamp":"2026-04-28 03:09:17"}
{"0":"t","1":"i","10":" ","11":"5","12":"0","13":"0","14":"0","15":"m","16":"s","17":" ","18":"e","19":"x","2":"m","20":"c","21":"e","22":"e","23":"d","24":"e","25":"d","3":"e","4":"o","5":"u","6":"t","7":" ","8":"o","9":"f","level":"error","message":"Finnhub API error for AJANTPHARM.NS:","service":"radar-backend","timestamp":"2026-04-28 03:09:22"}
{"0":"t","1":"i","10":" ","11":"5","12":"0","13":"0","14":"0","15":"m","16":"s","17":" ","18":"e","19":"x","2":"m","20":"c","21":"e","22":"e","23":"d","24":"e","25":"d","3":"e","4":"o","5":"u","6":"t","7":" ","8":"o","9":"f","level":"error","message":"Twelve Data API error for AJANTPHARM.NS:","service":"radar-backend","timestamp":"2026-04-28 03:09:23"}
{"level":"error","message":"symbolRegistry.getRecentlySeenSymbols error: Cannot call `ohlcs.aggregate()` before initial connection is complete if `bufferCommands = false`. Make sure you `await mongoose.connect()` if you have `bufferCommands = false`.","service":"radar-backend","timestamp":"2026-04-28 03:11:09"}
{"level":"error","message":"symbolRegistry.getRecentlySeenSymbols error: Cannot call `ohlcs.aggregate()` before initial connection is complete if `bufferCommands = false`. Make sure you `await mongoose.connect()` if you have `bufferCommands = false`.","service":"radar-backend","timestamp":"2026-04-28 03:12:01"}
{"level":"error","message":"symbolRegistry.getRecentlySeenSymbols error: Cannot call `ohlcs.aggregate()` before initial connection is complete if `bufferCommands = false`. Make sure you `await mongoose.connect()` if you have `bufferCommands = false`.","service":"radar-backend","timestamp":"2026-04-28 03:12:12"}
{"level":"error","message":"symbolRegistry.getRecentlySeenSymbols error: Cannot call `ohlcs.aggregate()` before initial connection is complete if `bufferCommands = false`. Make sure you `await mongoose.connect()` if you have `bufferCommands = false`.","service":"radar-backend","timestamp":"2026-04-28 03:12:28"}
{"level":"error","message":"symbolRegistry.getRecentlySeenSymbols error: Cannot call `ohlcs.aggregate()` before initial connection is complete if `bufferCommands = false`. Make sure you `await mongoose.connect()` if you have `bufferCommands = false`.","service":"radar-backend","timestamp":"2026-04-28 03:17:37"}
{"level":"error","message":"symbolRegistry.getRecentlySeenSymbols error: Cannot call `ohlcs.aggregate()` before initial connection is complete if `bufferCommands = false`. Make sure you `await mongoose.connect()` if you have `bufferCommands = false`.","service":"radar-backend","timestamp":"2026-04-28 03:17:43"}
{"level":"error","message":"symbolRegistry.getRecentlySeenSymbols error: Cannot call `ohlcs.aggregate()` before initial connection is complete if `bufferCommands = false`. Make sure you `await mongoose.connect()` if you have `bufferCommands = false`.","service":"radar-backend","timestamp":"2026-04-28 03:17:50"}
{"level":"error","message":"symbolRegistry.getRecentlySeenSymbols error: Cannot call `ohlcs.aggregate()` before initial connection is complete if `bufferCommands = false`. Make sure you `await mongoose.connect()` if you have `bufferCommands = false`.","service":"radar-backend","timestamp":"2026-04-28 03:18:00"}
{"level":"error","message":"symbolRegistry.getRecentlySeenSymbols error: Cannot call `ohlcs.aggregate()` before initial connection is complete if `bufferCommands = false`. Make sure you `await mongoose.connect()` if you have `bufferCommands = false`.","service":"radar-backend","timestamp":"2026-04-28 03:18:11"}
{"level":"error","message":"symbolRegistry.getRecentlySeenSymbols error: Cannot call `ohlcs.aggregate()` before initial connection is complete if `bufferCommands = false`. Make sure you `await mongoose.connect()` if you have `bufferCommands = false`.","service":"radar-backend","timestamp":"2026-04-28 03:18:19"}
{"level":"error","message":"symbolRegistry.getRecentlySeenSymbols error: Cannot call `ohlcs.aggregate()` before initial connection is complete if `bufferCommands = false`. Make sure you `await mongoose.connect()` if you have `bufferCommands = false`.","service":"radar-backend","timestamp":"2026-04-28 03:19:41"}
{"level":"error","message":"symbolRegistry.getRecentlySeenSymbols error: Cannot call `ohlcs.aggregate()` before initial connection is complete if `bufferCommands = false`. Make sure you `await mongoose.connect()` if you have `bufferCommands = false`.","service":"radar-backend","timestamp":"2026-04-28 04:08:43"}
{"level":"error","message":"symbolRegistry.getRecentlySeenSymbols error: Cannot call `ohlcs.aggregate()` before initial connection is complete if `bufferCommands = false`. Make sure you `await mongoose.connect()` if you have `bufferCommands = false`.","service":"radar-backend","timestamp":"2026-04-28 04:08:53"}
{"level":"error","message":"symbolRegistry.getRecentlySeenSymbols error: Cannot call `ohlcs.aggregate()` before initial connection is complete if `bufferCommands = false`. Make sure you `await mongoose.connect()` if you have `bufferCommands = false`.","service":"radar-backend","timestamp":"2026-04-28 04:09:54"}
{"level":"error","message":"symbolRegistry.getRecentlySeenSymbols error: Cannot call `ohlcs.aggregate()` before initial connection is complete if `bufferCommands = false`. Make sure you `await mongoose.connect()` if you have `bufferCommands = false`.","service":"radar-backend","timestamp":"2026-04-28 04:10:14"}
{"level":"error","message":"symbolRegistry.getRecentlySeenSymbols error: Cannot call `ohlcs.aggregate()` before initial connection is complete if `bufferCommands = false`. Make sure you `await mongoose.connect()` if you have `bufferCommands = false`.","service":"radar-backend","timestamp":"2026-04-28 04:48:24"}
{"level":"error","message":"symbolRegistry.getRecentlySeenSymbols error: Cannot call `ohlcs.aggregate()` before initial connection is complete if `bufferCommands = false`. Make sure you `await mongoose.connect()` if you have `bufferCommands = false`.","service":"radar-backend","timestamp":"2026-04-28 14:07:59"}
{"level":"error","message":"MongoDB connection failed: Could not connect to any servers in your MongoDB Atlas cluster. One common reason is that you're trying to access the database from an IP that isn't whitelisted. Make sure your current IP address is on your Atlas cluster's IP whitelist: https://www.mongodb.com/docs/atlas/security-whitelist/","service":"radar-backend","timestamp":"2026-04-28 14:08:10"}
{"level":"error","message":"symbolRegistry error: Cannot call `symbols.find()` before initial connection is complete if `bufferCommands = false`. Make sure you `await mongoose.connect()` if you have `bufferCommands = false`.","service":"radar-backend","timestamp":"2026-04-28 14:08:19"}
{"level":"error","message":"Live quotes unavailable for RELIANCE.NS, TCS.NS, HDFCBANK.NS, INFY.NS, ICICIBANK.NS... — no stale fallback either.","service":"radar-backend","timestamp":"2026-04-28 14:08:55"}
{"level":"error","message":"MongoDB connection failed: Could not connect to any servers in your MongoDB Atlas cluster. One common reason is that you're trying to access the database from an IP that isn't whitelisted. Make sure your current IP address is on your Atlas cluster's IP whitelist: https://www.mongodb.com/docs/atlas/security-whitelist/","service":"radar-backend","timestamp":"2026-04-28 14:09:21"}
{"level":"error","message":"symbolRegistry.getRecentlySeenSymbols error: Cannot call `ohlcs.aggregate()` before initial connection is complete if `bufferCommands = false`. Make sure you `await mongoose.connect()` if you have `bufferCommands = false`.","service":"radar-backend","timestamp":"2026-04-28 14:10:33"}
{"0":"t","1":"i","10":" ","11":"5","12":"0","13":"0","14":"0","15":"m","16":"s","17":" ","18":"e","19":"x","2":"m","20":"c","21":"e","22":"e","23":"d","24":"e","25":"d","3":"e","4":"o","5":"u","6":"t","7":" ","8":"o","9":"f","level":"error","message":"Twelve Data API error for NBCC.NS:","service":"radar-backend","timestamp":"2026-04-28 14:11:32"}
{"0":"R","1":"e","10":"i","11":"l","12":"e","13":"d","14":" ","15":"w","16":"i","17":"t","18":"h","19":" ","2":"q","20":"s","21":"t","22":"a","23":"t","24":"u","25":"s","26":" ","27":"c","28":"o","29":"d","3":"u","30":"e","31":" ","32":"4","33":"2","34":"9","4":"e","5":"s","6":"t","7":" ","8":"f","9":"a","level":"error","message":"Finnhub API error for NBCC.NS:","service":"radar-backend","timestamp":"2026-04-28 14:11:34"}
{"level":"error","message":"Live quotes unavailable for VBL.NS, RELIANCE.NS, MASTEK.NS, BHARTIARTL.NS, SUNPHARMA.NS... — no stale fallback either.","service":"radar-backend","timestamp":"2026-04-28 14:11:35"}
{"level":"error","message":"Live quotes unavailable for LAURUSLABS.NS, COLPAL.NS, LICI.NS, ZENSARTECH.NS, MUTHOOTFIN.NS... — no stale fallback either.","service":"radar-backend","timestamp":"2026-04-28 14:11:35"}
{"level":"error","message":"Live quotes unavailable for ESCORTS.NS, CESC.NS, CANBK.NS, IRCON.NS, ASHOKLEY.NS... — no stale fallback either.","service":"radar-backend","timestamp":"2026-04-28 14:11:35"}
{"level":"error","message":"Live quotes unavailable for LAURUSLABS.NS, COLPAL.NS, LICI.NS, ZENSARTECH.NS, MUTHOOTFIN.NS... — no stale fallback either.","service":"radar-backend","timestamp":"2026-04-28 14:11:35"}
{"level":"error","message":"Live quotes unavailable for CROMPTON.NS, DIVISLAB.NS, BRITANNIA.NS, BOSCHLTD.NS, LAURUSLABS.NS... — no stale fallback either.","service":"radar-backend","timestamp":"2026-04-28 14:11:35"}
{"level":"error","message":"Live quotes unavailable for LAURUSLABS.NS, COLPAL.NS, LICI.NS, ZENSARTECH.NS, MUTHOOTFIN.NS... — no stale fallback either.","service":"radar-backend","timestamp":"2026-04-28 14:11:35"}
{"level":"error","message":"Live quotes unavailable for LAURUSLABS.NS, COLPAL.NS, LICI.NS, ZENSARTECH.NS, MUTHOOTFIN.NS... — no stale fallback either.","service":"radar-backend","timestamp":"2026-04-28 14:11:35"}
{"level":"error","message":"Live quotes unavailable for LAURUSLABS.NS, COLPAL.NS, LICI.NS, ZENSARTECH.NS, MUTHOOTFIN.NS... — no stale fallback either.","service":"radar-backend","timestamp":"2026-04-28 14:11:35"}
{"level":"error","message":"Live quotes unavailable for LAURUSLABS.NS, COLPAL.NS, LICI.NS, ZENSARTECH.NS, MUTHOOTFIN.NS... — no stale fallback either.","service":"radar-backend","timestamp":"2026-04-28 14:11:35"}
{"level":"error","message":"Live quotes unavailable for LAURUSLABS.NS, COLPAL.NS, LICI.NS, ZENSARTECH.NS, MUTHOOTFIN.NS... — no stale fallback either.","service":"radar-backend","timestamp":"2026-04-28 14:11:35"}
{"level":"error","message":"Live quotes unavailable for LAURUSLABS.NS, COLPAL.NS, LICI.NS, ZENSARTECH.NS, MUTHOOTFIN.NS... — no stale fallback either.","service":"radar-backend","timestamp":"2026-04-28 14:11:35"}
{"level":"error","message":"Live quotes unavailable for LAURUSLABS.NS, COLPAL.NS, LICI.NS, ZENSARTECH.NS, MUTHOOTFIN.NS... — no stale fallback either.","service":"radar-backend","timestamp":"2026-04-28 14:11:35"}
{"level":"error","message":"Live quotes unavailable for SOBHA.NS, AWHCL.NS, BANKBARODA.NS, INDIGO.NS, RBLBANK.NS... — no stale fallback either.","service":"radar-backend","timestamp":"2026-04-28 14:11:36"}
{"0":"R","1":"e","10":"i","11":"l","12":"e","13":"d","14":" ","15":"w","16":"i","17":"t","18":"h","19":" ","2":"q","20":"s","21":"t","22":"a","23":"t","24":"u","25":"s","26":" ","27":"c","28":"o","29":"d","3":"u","30":"e","31":" ","32":"4","33":"2","34":"9","4":"e","5":"s","6":"t","7":" ","8":"f","9":"a","level":"error","message":"Finnhub API error for DLF.NS:","service":"radar-backend","timestamp":"2026-04-28 14:11:36"}
{"level":"error","message":"Live quotes unavailable for VBL.NS, RELIANCE.NS, MASTEK.NS, BHARTIARTL.NS, SUNPHARMA.NS... — no stale fallback either.","service":"radar-backend","timestamp":"2026-04-28 14:11:36"}
{"0":"R","1":"e","10":"i","11":"l","12":"e","13":"d","14":" ","15":"w","16":"i","17":"t","18":"h","19":" ","2":"q","20":"s","21":"t","22":"a","23":"t","24":"u","25":"s","26":" ","27":"c","28":"o","29":"d","3":"u","30":"e","31":" ","32":"4","33":"2","34":"9","4":"e","5":"s","6":"t","7":" ","8":"f","9":"a","level":"error","message":"Finnhub API error for SIEMENS.NS:","service":"radar-backend","timestamp":"2026-04-28 14:11:38"}
{"level":"error","message":"symbolRegistry.getRecentlySeenSymbols error: Cannot call `ohlcs.aggregate()` before initial connection is complete if `bufferCommands = false`. Make sure you `await mongoose.connect()` if you have `bufferCommands = false`.","service":"radar-backend","timestamp":"2026-04-28 14:12:37"}
{"level":"error","message":"symbolRegistry.getRecentlySeenSymbols error: Cannot call `ohlcs.aggregate()` before initial connection is complete if `bufferCommands = false`. Make sure you `await mongoose.connect()` if you have `bufferCommands = false`.","service":"radar-backend","timestamp":"2026-04-28 14:13:21"}
{"level":"error","message":"symbolRegistry.getRecentlySeenSymbols error: Cannot call `ohlcs.aggregate()` before initial connection is complete if `bufferCommands = false`. Make sure you `await mongoose.connect()` if you have `bufferCommands = false`.","service":"radar-backend","timestamp":"2026-04-28 14:13:34"}
{"level":"error","message":"Finnhub API error for NIFTY.NS: Request failed with status code 429","service":"radar-backend","timestamp":"2026-04-28 14:32:17"}
{"level":"error","message":"Finnhub API error for NIFTY.NS: Request failed with status code 429","service":"radar-backend","timestamp":"2026-04-28 14:32:18"}
{"level":"error","message":"Finnhub API error for BTC.NS: Request failed with status code 429","service":"radar-backend","timestamp":"2026-04-28 14:32:21"}
